MobileAndroid-Java-SocialMedia/app/build/intermediates/manifest_merge_blame_file/debug/manifest-merger-blame-debug-report.txt
1<?xml version="1.0" encoding="utf-8"?>
2<manifest xmlns:android="http://schemas.android.com/apk/res/android"
3    package="HCMUTE.SocialMedia"
4    android:versionCode="1"
5    android:versionName="1.0" >
6
7    <uses-sdk
8        android:minSdkVersion="21"
9        android:targetSdkVersion="34" />
10
11    <uses-permission android:name="android.permission.INTERNET" />
11-->src\main\AndroidManifest.xml:5:5-67
11-->src\main\AndroidManifest.xml:5:22-64
12    <uses-permission android:name="android.permission.ACCESS_WIFI_STATE" />
12-->src\main\AndroidManifest.xml:6:5-76
12-->src\main\AndroidManifest.xml:6:22-73
13    <uses-permission android:name="android.permission.ACCESS_NETWORK_STATE" />
13-->src\main\AndroidManifest.xml:7:5-79
13-->src\main\AndroidManifest.xml:7:22-76
14    <uses-permission android:name="android.permission.READ_MEDIA_IMAGES" />
14-->src\main\AndroidManifest.xml:8:5-76
14-->src\main\AndroidManifest.xml:8:22-73
15    <uses-permission android:name="android.permission.READ_MEDIA_AUDIO" />
15-->src\main\AndroidManifest.xml:9:5-75
15-->src\main\AndroidManifest.xml:9:22-72
16    <uses-permission android:name="android.permission.READ_MEDIA_VIDEO" />
16-->src\main\AndroidManifest.xml:10:5-75
16-->src\main\AndroidManifest.xml:10:22-72
17    <uses-permission android:name="android.permission.READ_EXTERNAL_STORAGE" />
17-->src\main\AndroidManifest.xml:11:5-80
17-->src\main\AndroidManifest.xml:11:22-77
18    <uses-permission android:name="android.permission.POST_NOTIFICATIONS" />
18-->src\main\AndroidManifest.xml:12:5-77
18-->src\main\AndroidManifest.xml:12:22-74
19    <uses-permission android:name="android.permission.WRITE_EXTERNAL_STORAGE" />
19-->src\main\AndroidManifest.xml:13:5-15:40
19-->src\main\AndroidManifest.xml:14:9-65
20
21    <permission
21-->[androidx.core:core:1.9.0] AndroidManifest.xml:22:5-24:47
22        android:name="HCMUTE.SocialMedia.DYNAMIC_RECEIVER_NOT_EXPORTED_PERMISSION"
22-->[androidx.core:core:1.9.0] AndroidManifest.xml:23:9-81
23        android:protectionLevel="signature" />
23-->[androidx.core:core:1.9.0] AndroidManifest.xml:24:9-44
24
25    <uses-permission android:name="HCMUTE.SocialMedia.DYNAMIC_RECEIVER_NOT_EXPORTED_PERMISSION" />
25-->[androidx.core:core:1.9.0] AndroidManifest.xml:26:5-97
25-->[androidx.core:core:1.9.0] AndroidManifest.xml:26:22-94
26
27    <application
27-->src\main\AndroidManifest.xml:17:5-135:19
28        android:allowBackup="true"
28-->src\main\AndroidManifest.xml:20:9-35
29        android:appComponentFactory="androidx.core.app.CoreComponentFactory"
29-->[androidx.core:core:1.9.0] AndroidManifest.xml:28:18-86
30        android:dataExtractionRules="@xml/data_extraction_rules"
30-->src\main\AndroidManifest.xml:21:9-65
31        android:debuggable="true"
32        android:extractNativeLibs="true"
33        android:fullBackupContent="@xml/backup_rules"
33-->src\main\AndroidManifest.xml:22:9-54
34        android:icon="@drawable/logo_541x541"
34-->src\main\AndroidManifest.xml:23:9-46
35        android:label="@string/app_name"
35-->src\main\AndroidManifest.xml:24:9-41
36        android:preserveLegacyExternalStorage="true"
36-->src\main\AndroidManifest.xml:19:9-53
37        android:requestLegacyExternalStorage="true"
37-->src\main\AndroidManifest.xml:18:9-52
38        android:roundIcon="@drawable/logo_541x541"
38-->src\main\AndroidManifest.xml:25:9-51
39        android:supportsRtl="true"
39-->src\main\AndroidManifest.xml:26:9-35
40        android:testOnly="true"
41        android:theme="@style/Theme.MobileAndroidJavaSocialMedia"
41-->src\main\AndroidManifest.xml:27:9-66
42        android:usesCleartextTraffic="true" >
42-->src\main\AndroidManifest.xml:28:9-44
43        <activity
43-->src\main\AndroidManifest.xml:30:9-32:40
44            android:name="HCMUTE.SocialMedia.Activities.SetAvatarActivity"
44-->src\main\AndroidManifest.xml:31:13-57
45            android:exported="false" />
45-->src\main\AndroidManifest.xml:32:13-37
46        <activity
46-->src\main\AndroidManifest.xml:33:9-35:40
47            android:name="HCMUTE.SocialMedia.Activities.AcceptMemberInGroupActivity"
47-->src\main\AndroidManifest.xml:34:13-67
48            android:exported="false" />
48-->src\main\AndroidManifest.xml:35:13-37
49        <activity
49-->src\main\AndroidManifest.xml:36:9-38:40
50            android:name="HCMUTE.SocialMedia.Activities.ViewProfileGroupActivity"
50-->src\main\AndroidManifest.xml:37:13-64
51            android:exported="false" />
51-->src\main\AndroidManifest.xml:38:13-37
52        <activity
52-->src\main\AndroidManifest.xml:39:9-41:40
53            android:name="HCMUTE.SocialMedia.Activities.EditProfileGroupActivity"
53-->src\main\AndroidManifest.xml:40:13-64
54            android:exported="false" />
54-->src\main\AndroidManifest.xml:41:13-37
55        <activity
55-->src\main\AndroidManifest.xml:42:9-44:40
56            android:name="HCMUTE.SocialMedia.Activities.SeeAllFriendActivity"
56-->src\main\AndroidManifest.xml:43:13-60
57            android:exported="false" />
57-->src\main\AndroidManifest.xml:44:13-37
58        <activity
58-->src\main\AndroidManifest.xml:45:9-47:40
59            android:name="HCMUTE.SocialMedia.Activities.CreatePostInGroupActivity"
59-->src\main\AndroidManifest.xml:46:13-65
60            android:exported="false" />
60-->src\main\AndroidManifest.xml:47:13-37
61        <activity
61-->src\main\AndroidManifest.xml:48:9-50:40
62            android:name="HCMUTE.SocialMedia.Activities.ProfileGroupActivity"
62-->src\main\AndroidManifest.xml:49:13-60
63            android:exported="false" />
63-->src\main\AndroidManifest.xml:50:13-37
64        <activity
64-->src\main\AndroidManifest.xml:51:9-53:40
65            android:name="HCMUTE.SocialMedia.Activities.AdminViewReportPostActivity"
65-->src\main\AndroidManifest.xml:52:13-67
66            android:exported="false" />
66-->src\main\AndroidManifest.xml:53:13-37
67        <activity
67-->src\main\AndroidManifest.xml:54:9-56:40
68            android:name="HCMUTE.SocialMedia.Activities.AdminProcessReportActivity"
68-->src\main\AndroidManifest.xml:55:13-66
69            android:exported="false" />
69-->src\main\AndroidManifest.xml:56:13-37
70        <activity
70-->src\main\AndroidManifest.xml:57:9-59:40
71            android:name="HCMUTE.SocialMedia.Activities.CreateGroupActivity"
71-->src\main\AndroidManifest.xml:58:13-59
72            android:exported="false" />
72-->src\main\AndroidManifest.xml:59:13-37
73        <activity
73-->src\main\AndroidManifest.xml:60:9-62:40
74            android:name="HCMUTE.SocialMedia.Activities.SearchActivity"
74-->src\main\AndroidManifest.xml:61:13-54
75            android:exported="false" />
75-->src\main\AndroidManifest.xml:62:13-37
76        <activity
76-->src\main\AndroidManifest.xml:63:9-65:40
77            android:name="HCMUTE.SocialMedia.Activities.ResetPasswordActivity"
77-->src\main\AndroidManifest.xml:64:13-61
78            android:exported="false" />
78-->src\main\AndroidManifest.xml:65:13-37
79        <activity
79-->src\main\AndroidManifest.xml:66:9-68:40
80            android:name="HCMUTE.SocialMedia.Activities.EditProfileActivity"
80-->src\main\AndroidManifest.xml:67:13-59
81            android:exported="false" />
81-->src\main\AndroidManifest.xml:68:13-37
82        <activity
82-->src\main\AndroidManifest.xml:69:9-71:40
83            android:name="HCMUTE.SocialMedia.Activities.ViewProfileActivity"
83-->src\main\AndroidManifest.xml:70:13-59
84            android:exported="false" />
84-->src\main\AndroidManifest.xml:71:13-37
85        <activity
85-->src\main\AndroidManifest.xml:72:9-74:40
86            android:name="HCMUTE.SocialMedia.Activities.ConversationActivity"
86-->src\main\AndroidManifest.xml:73:13-60
87            android:exported="false" />
87-->src\main\AndroidManifest.xml:74:13-37
88        <activity
88-->src\main\AndroidManifest.xml:75:9-77:40
89            android:name="HCMUTE.SocialMedia.Activities.SharePostActivity"
89-->src\main\AndroidManifest.xml:76:13-57
90            android:exported="false" />
90-->src\main\AndroidManifest.xml:77:13-37
91        <activity
91-->src\main\AndroidManifest.xml:78:9-80:40
92            android:name="HCMUTE.SocialMedia.Activities.CommentActivity"
92-->src\main\AndroidManifest.xml:79:13-55
93            android:exported="false" />
93-->src\main\AndroidManifest.xml:80:13-37
94        <activity
94-->src\main\AndroidManifest.xml:81:9-83:40
95            android:name="HCMUTE.SocialMedia.Activities.AdminBanAccountActivity"
95-->src\main\AndroidManifest.xml:82:13-63
96            android:exported="false" />
96-->src\main\AndroidManifest.xml:83:13-37
97        <activity
97-->src\main\AndroidManifest.xml:84:9-86:40
98            android:name="HCMUTE.SocialMedia.Activities.AdminActivity"
98-->src\main\AndroidManifest.xml:85:13-53
99            android:exported="false" />
99-->src\main\AndroidManifest.xml:86:13-37
100        <activity
100-->src\main\AndroidManifest.xml:87:9-89:40
101            android:name="HCMUTE.SocialMedia.Activities.CreatePostActivity"
101-->src\main\AndroidManifest.xml:88:13-58
102            android:exported="false" />
102-->src\main\AndroidManifest.xml:89:13-37
103        <activity
103-->src\main\AndroidManifest.xml:90:9-92:40
104            android:name="HCMUTE.SocialMedia.Activities.GroupActivity"
104-->src\main\AndroidManifest.xml:91:13-53
105            android:exported="false" />
105-->src\main\AndroidManifest.xml:92:13-37
106        <activity
106-->src\main\AndroidManifest.xml:93:9-95:40
107            android:name="HCMUTE.SocialMedia.Activities.PoliciesActivity"
107-->src\main\AndroidManifest.xml:94:13-56
108            android:exported="false" />
108-->src\main\AndroidManifest.xml:95:13-37
109        <activity
109-->src\main\AndroidManifest.xml:96:9-98:40
110            android:name="HCMUTE.SocialMedia.Activities.PolicyDetailsActivity"
110-->src\main\AndroidManifest.xml:97:13-61
111            android:exported="false" />
111-->src\main\AndroidManifest.xml:98:13-37
112        <activity
112-->src\main\AndroidManifest.xml:99:9-101:40
113            android:name="HCMUTE.SocialMedia.Activities.MyPersonalPageActivity"
113-->src\main\AndroidManifest.xml:100:13-62
114            android:exported="false" />
114-->src\main\AndroidManifest.xml:101:13-37
115        <activity
115-->src\main\AndroidManifest.xml:102:9-104:40
116            android:name="HCMUTE.SocialMedia.Activities.YourPersonalPageActivity"
116-->src\main\AndroidManifest.xml:103:13-64
117            android:exported="false" />
117-->src\main\AndroidManifest.xml:104:13-37
118        <activity
118-->src\main\AndroidManifest.xml:105:9-107:40
119            android:name="HCMUTE.SocialMedia.Activities.VerifyNewAccountActivity"
119-->src\main\AndroidManifest.xml:106:13-64
120            android:exported="false" />
120-->src\main\AndroidManifest.xml:107:13-37
121        <activity
121-->src\main\AndroidManifest.xml:108:9-110:40
122            android:name="HCMUTE.SocialMedia.Activities.FindAccountActivity"
122-->src\main\AndroidManifest.xml:109:13-59
123            android:exported="false" />
123-->src\main\AndroidManifest.xml:110:13-37
124        <activity
124-->src\main\AndroidManifest.xml:111:9-113:40
125            android:name="HCMUTE.SocialMedia.Activities.MessageActivity"
125-->src\main\AndroidManifest.xml:112:13-55
126            android:exported="false" />
126-->src\main\AndroidManifest.xml:113:13-37
127        <activity
127-->src\main\AndroidManifest.xml:114:9-116:40
128            android:name="HCMUTE.SocialMedia.Activities.CreateNewPasswordActivity"
128-->src\main\AndroidManifest.xml:115:13-65
129            android:exported="false" />
129-->src\main\AndroidManifest.xml:116:13-37
130        <activity
130-->src\main\AndroidManifest.xml:117:9-119:40
131            android:name="HCMUTE.SocialMedia.Activities.ForgetAccountActivity"
131-->src\main\AndroidManifest.xml:118:13-61
132            android:exported="false" />
132-->src\main\AndroidManifest.xml:119:13-37
133        <activity
133-->src\main\AndroidManifest.xml:120:9-122:40
134            android:name="HCMUTE.SocialMedia.Activities.RegisterActivity"
134-->src\main\AndroidManifest.xml:121:13-56
135            android:exported="false" />
135-->src\main\AndroidManifest.xml:122:13-37
136        <activity
136-->src\main\AndroidManifest.xml:123:9-125:40
137            android:name="HCMUTE.SocialMedia.Activities.MainActivity"
137-->src\main\AndroidManifest.xml:124:13-52
138            android:exported="false" />
138-->src\main\AndroidManifest.xml:125:13-37
139        <activity
139-->src\main\AndroidManifest.xml:126:9-134:20
140            android:name="HCMUTE.SocialMedia.Activities.LoginActivity"
140-->src\main\AndroidManifest.xml:127:13-53
141            android:exported="true" >
141-->src\main\AndroidManifest.xml:128:13-36
142            <intent-filter>
142-->src\main\AndroidManifest.xml:129:13-133:29
143                <action android:name="android.intent.action.MAIN" />
143-->src\main\AndroidManifest.xml:130:17-69
143-->src\main\AndroidManifest.xml:130:25-66
144
145                <category android:name="android.intent.category.LAUNCHER" />
145-->src\main\AndroidManifest.xml:132:17-77
145-->src\main\AndroidManifest.xml:132:27-74
146            </intent-filter>
147        </activity>
148
149        <provider
149-->[androidx.emoji2:emoji2:1.2.0] AndroidManifest.xml:24:9-32:20
150            android:name="androidx.startup.InitializationProvider"
150-->[androidx.emoji2:emoji2:1.2.0] AndroidManifest.xml:25:13-67
151            android:authorities="HCMUTE.SocialMedia.androidx-startup"
151-->[androidx.emoji2:emoji2:1.2.0] AndroidManifest.xml:26:13-68
152            android:exported="false" >
152-->[androidx.emoji2:emoji2:1.2.0] AndroidManifest.xml:27:13-37
153            <meta-data
153-->[androidx.emoji2:emoji2:1.2.0] AndroidManifest.xml:29:13-31:52
154                android:name="androidx.emoji2.text.EmojiCompatInitializer"
154-->[androidx.emoji2:emoji2:1.2.0] AndroidManifest.xml:30:17-75
155                android:value="androidx.startup" />
155-->[androidx.emoji2:emoji2:1.2.0] AndroidManifest.xml:31:17-49
156            <meta-data
156-->[androidx.lifecycle:lifecycle-process:2.6.1] AndroidManifest.xml:29:13-31:52
157                android:name="androidx.lifecycle.ProcessLifecycleInitializer"
157-->[androidx.lifecycle:lifecycle-process:2.6.1] AndroidManifest.xml:30:17-78
158                android:value="androidx.startup" />
158-->[androidx.lifecycle:lifecycle-process:2.6.1] AndroidManifest.xml:31:17-49
159            <meta-data
159-->[androidx.profileinstaller:profileinstaller:1.3.0] AndroidManifest.xml:29:13-31:52
160                android:name="androidx.profileinstaller.ProfileInstallerInitializer"
160-->[androidx.profileinstaller:profileinstaller:1.3.0] AndroidManifest.xml:30:17-85
161                android:value="androidx.startup" />
161-->[androidx.profileinstaller:profileinstaller:1.3.0] AndroidManifest.xml:31:17-49
162        </provider>
163
164        <receiver
164-->[androidx.profileinstaller:profileinstaller:1.3.0] AndroidManifest.xml:34:9-52:20
165            android:name="androidx.profileinstaller.ProfileInstallReceiver"
165-->[androidx.profileinstaller:profileinstaller:1.3.0] AndroidManifest.xml:35:13-76
166            android:directBootAware="false"
166-->[androidx.profileinstaller:profileinstaller:1.3.0] AndroidManifest.xml:36:13-44
167            android:enabled="true"
167-->[androidx.profileinstaller:profileinstaller:1.3.0] AndroidManifest.xml:37:13-35
168            android:exported="true"
168-->[androidx.profileinstaller:profileinstaller:1.3.0] AndroidManifest.xml:38:13-36
169            android:permission="android.permission.DUMP" >
169-->[androidx.profileinstaller:profileinstaller:1.3.0] AndroidManifest.xml:39:13-57
170            <intent-filter>
170-->[androidx.profileinstaller:profileinstaller:1.3.0] AndroidManifest.xml:40:13-42:29
171                <action android:name="androidx.profileinstaller.action.INSTALL_PROFILE" />
171-->[androidx.profileinstaller:profileinstaller:1.3.0] AndroidManifest.xml:41:17-91
171-->[androidx.profileinstaller:profileinstaller:1.3.0] AndroidManifest.xml:41:25-88
172            </intent-filter>
173            <intent-filter>
173-->[androidx.profileinstaller:profileinstaller:1.3.0] AndroidManifest.xml:43:13-45:29
174                <action android:name="androidx.profileinstaller.action.SKIP_FILE" />
174-->[androidx.profileinstaller:profileinstaller:1.3.0] AndroidManifest.xml:44:17-85
174-->[androidx.profileinstaller:profileinstaller:1.3.0] AndroidManifest.xml:44:25-82
175            </intent-filter>
176            <intent-filter>
176-->[androidx.profileinstaller:profileinstaller:1.3.0] AndroidManifest.xml:46:13-48:29
177                <action android:name="androidx.profileinstaller.action.SAVE_PROFILE" />
177-->[androidx.profileinstaller:profileinstaller:1.3.0] AndroidManifest.xml:47:17-88
177-->[androidx.profileinstaller:profileinstaller:1.3.0] AndroidManifest.xml:47:25-85
178            </intent-filter>
179            <intent-filter>
179-->[androidx.profileinstaller:profileinstaller:1.3.0] AndroidManifest.xml:49:13-51:29
180                <action android:name="androidx.profileinstaller.action.BENCHMARK_OPERATION" />
180-->[androidx.profileinstaller:profileinstaller:1.3.0] AndroidManifest.xml:50:17-95
180-->[androidx.profileinstaller:profileinstaller:1.3.0] AndroidManifest.xml:50:25-92
181            </intent-filter>
182        </receiver>
183    </application>
184
185</manifest>